INFO:  latexindent.pl version 3.24.4, 2024-07-18, a script to indent .tex files
       latexindent.pl lives here: C:/Users/uriel/AppData/Local/Programs/MiKTeX/scripts/latexindent/
       Sun Nov 24 17:27:06 2024
       Filename: c:/Users/uriel/Desktop/Nova pasta/__latexindent_temp_Proteger para Prevenir Avaliação de Métodos Anti-Keylogger em Segurança da Informação.tex
INFO:  Processing switches:
       -y|--yaml: YAML settings specified via command line
       -c|--cruft: cruft directory
INFO:  Directory for backup files and log file c:\Users\uriel\Desktop\Nova pasta\indent.log:
       c:\Users\uriel\Desktop\Nova pasta\
INFO:  Perl modules are being loaded from the following directories:
       C:/Strawberry/perl/lib/FindBin.pm
       C:/Strawberry/perl/vendor/lib/YAML/Tiny.pm
       C:/Strawberry/perl/lib/File/Copy.pm
       C:/Strawberry/perl/lib/File/Basename.pm
       C:/Strawberry/perl/lib/Getopt/Long.pm
       C:/Strawberry/perl/vendor/lib/File/HomeDir.pm
INFO:  LatexIndent perl modules are being loaded from, for example:
       C:/Users/uriel/AppData/Local/Programs/MiKTeX/scripts/latexindent/LatexIndent/Document.pm
INFO:  YAML settings read: defaultSettings.yaml
       Reading defaultSettings.yaml from C:/Users/uriel/AppData/Local/Programs/MiKTeX/scripts/latexindent/defaultSettings.yaml
INFO:  YAML reading settings
       Home directory is C:\Users\uriel
       latexindent.pl didn't find indentconfig.yaml or .indentconfig.yaml
       see all possible locations: https://latexindentpl.readthedocs.io/en/latest/sec-appendices.html#indentconfig-options)
INFO:  YAML settings read: -y switch
       YAML setting: defaultIndent:'    '
       single-quoted string found in -y switch: '    ', substitute to     
       Updating mainSettings with defaultIndent:     
FATAL I couldn't find c:/Users/uriel/Desktop/Nova pasta/__latexindent_temp_Proteger para Prevenir Avaliação de Métodos Anti-Keylogger em Segurança da Informação.tex, are you sure it exists?
      Exiting, no indentation done.
       --------------
INFO:  Please direct all communication/issues to:
        https://github.com/cmhughes/latexindent.pl
